{
  "RSpec": {
    "coverage": {
      "/Users/eagleeye/turing/2module/projects/bbq_Competition/config/environment.rb": {
        "lines": [
          null,
          1,
          null,
          null,
          1
        ]
      },
      "/Users/eagleeye/turing/2module/projects/bbq_Competition/config/application.rb": {
        "lines": [
          1,
          null,
          1,
          null,
          1,
          1,
          1,
          1,
          1,
          1,
          1,
          1,
          1,
          null,
          null,
          null,
          null,
          1,
          null,
          1,
          1,
          null,
          1,
          null,
          null,
          null,
          null,
          null,
          null,
          null,
          1,
          null,
          null
        ]
      },
      "/Users/eagleeye/turing/2module/projects/bbq_Competition/config/boot.rb": {
        "lines": [
          1,
          null,
          1,
          1
        ]
      },
      "/Users/eagleeye/turing/2module/projects/bbq_Competition/config/environments/test.rb": {
        "lines": [
          1,
          null,
          null,
          null,
          null,
          null,
          null,
          1,
          null,
          null,
          null,
          null,
          1,
          null,
          null,
          1,
          1,
          null,
          null,
          null,
          null,
          1,
          1,
          null,
          null,
          1,
          null,
          null,
          1,
          null,
          null,
          1,
          null,
          1,
          null,
          null,
          null,
          null,
          1,
          null,
          null,
          1,
          null,
          null,
          null,
          null
        ]
      },
      "/Users/eagleeye/turing/2module/projects/bbq_Competition/config/initializers/application_controller_renderer.rb": {
        "lines": [
          null,
          null,
          null,
          null,
          null,
          null,
          null,
          null
        ]
      },
      "/Users/eagleeye/turing/2module/projects/bbq_Competition/config/initializers/assets.rb": {
        "lines": [
          null,
          null,
          null,
          1,
          null,
          null,
          null,
          null,
          1,
          null,
          null,
          null,
          null,
          null
        ]
      },
      "/Users/eagleeye/turing/2module/projects/bbq_Competition/config/initializers/backtrace_silencers.rb": {
        "lines": [
          null,
          null,
          null,
          null,
          null,
          null,
          null
        ]
      },
      "/Users/eagleeye/turing/2module/projects/bbq_Competition/config/initializers/content_security_policy.rb": {
        "lines": [
          null,
          null,
          null,
          null,
          null,
          null,
          null,
          null,
          null,
          null,
          null,
          null,
          null,
          null,
          null,
          null,
          null,
          null,
          null,
          null,
          null,
          null,
          null,
          null,
          null
        ]
      },
      "/Users/eagleeye/turing/2module/projects/bbq_Competition/config/initializers/cookies_serializer.rb": {
        "lines": [
          null,
          null,
          null,
          null,
          1
        ]
      },
      "/Users/eagleeye/turing/2module/projects/bbq_Competition/config/initializers/filter_parameter_logging.rb": {
        "lines": [
          null,
          null,
          null,
          1
        ]
      },
      "/Users/eagleeye/turing/2module/projects/bbq_Competition/config/initializers/inflections.rb": {
        "lines": [
          null,
          null,
          null,
          null,
          null,
          null,
          null,
          null,
          null,
          null,
          null,
          null,
          null,
          null,
          null,
          null
        ]
      },
      "/Users/eagleeye/turing/2module/projects/bbq_Competition/config/initializers/mime_types.rb": {
        "lines": [
          null,
          null,
          null,
          null
        ]
      },
      "/Users/eagleeye/turing/2module/projects/bbq_Competition/config/initializers/wrap_parameters.rb": {
        "lines": [
          null,
          null,
          null,
          null,
          null,
          null,
          1,
          2,
          null,
          null,
          null,
          null,
          null,
          null
        ]
      },
      "/Users/eagleeye/turing/2module/projects/bbq_Competition/config/routes.rb": {
        "lines": [
          1,
          null,
          1,
          1,
          1,
          1,
          1,
          null
        ]
      },
      "/Users/eagleeye/turing/2module/projects/bbq_Competition/app/helpers/application_helper.rb": {
        "lines": [
          1,
          null
        ]
      },
      "/Users/eagleeye/turing/2module/projects/bbq_Competition/spec/features/submissions/show_spec.rb": {
        "lines": [
          1,
          null,
          1,
          1,
          4,
          4,
          4,
          null,
          null,
          1,
          null,
          1,
          null,
          1,
          1,
          1,
          1,
          1,
          1,
          1,
          null,
          null,
          1,
          null,
          1,
          null,
          1,
          null,
          null,
          1,
          null,
          1,
          null,
          1,
          null,
          1,
          null,
          null,
          1,
          null,
          1,
          null,
          1,
          null,
          1,
          null,
          null,
          null
        ]
      },
      "/Users/eagleeye/turing/2module/projects/bbq_Competition/spec/features/teams/index_spec.rb": {
        "lines": [
          1,
          null,
          1,
          1,
          4,
          4,
          4,
          null,
          null,
          1,
          null,
          1,
          null,
          1,
          null,
          null,
          1,
          1,
          1,
          1,
          null,
          1,
          null,
          1,
          1,
          null,
          null,
          1,
          1,
          null,
          null,
          1,
          1,
          null,
          null,
          null,
          1,
          null,
          null,
          1,
          null,
          1,
          null,
          1,
          null,
          null,
          1,
          null,
          1,
          null,
          1,
          null,
          1,
          null,
          null,
          null
        ]
      },
      "/Users/eagleeye/turing/2module/projects/bbq_Competition/spec/features/teams/show_spec.rb": {
        "lines": [
          1,
          null,
          1,
          1,
          5,
          5,
          5,
          null,
          null,
          1,
          null,
          1,
          null,
          1,
          1,
          1,
          1,
          null,
          null,
          1,
          null,
          1,
          null,
          1,
          null,
          null,
          1,
          null,
          1,
          null,
          1,
          null,
          1,
          null,
          null,
          1,
          null,
          1,
          null,
          1,
          null,
          1,
          null,
          null,
          1,
          null,
          1,
          null,
          1,
          null,
          1,
          null,
          null,
          null
        ]
      },
      "/Users/eagleeye/turing/2module/projects/bbq_Competition/spec/features/teams/submissions/index_spec.rb": {
        "lines": [
          1,
          null,
          1,
          1,
          4,
          4,
          4,
          null,
          null,
          1,
          1,
          null,
          1,
          1,
          1,
          1,
          1,
          1,
          1,
          null,
          1,
          1,
          1,
          1,
          1,
          1,
          1,
          null,
          null,
          1,
          1,
          null,
          1,
          null,
          1,
          null,
          null,
          1,
          null,
          1,
          null,
          1,
          null,
          1,
          null,
          null,
          1,
          null,
          1,
          null,
          1,
          null,
          1,
          null,
          null,
          null
        ]
      },
      "/Users/eagleeye/turing/2module/projects/bbq_Competition/spec/models/submission_spec.rb": {
        "lines": [
          1,
          null,
          1,
          1,
          2,
          null,
          null,
          1,
          2,
          2,
          2,
          2,
          2,
          2,
          2,
          2,
          null,
          null,
          null
        ]
      },
      "/Users/eagleeye/turing/2module/projects/bbq_Competition/app/models/submission.rb": {
        "lines": [
          1,
          1,
          1,
          1,
          1,
          1,
          1,
          1,
          1,
          null
        ]
      },
      "/Users/eagleeye/turing/2module/projects/bbq_Competition/app/models/application_record.rb": {
        "lines": [
          1,
          1,
          null
        ]
      },
      "/Users/eagleeye/turing/2module/projects/bbq_Competition/spec/models/team_spec.rb": {
        "lines": [
          1,
          null,
          1,
          null,
          1,
          2,
          null,
          null,
          1,
          2,
          2,
          2,
          2,
          2,
          null,
          null
        ]
      },
      "/Users/eagleeye/turing/2module/projects/bbq_Competition/app/models/team.rb": {
        "lines": [
          1,
          1,
          1,
          1,
          1,
          1,
          null
        ]
      },
      "/Users/eagleeye/turing/2module/projects/bbq_Competition/app/controllers/submissions_controller.rb": {
        "lines": [
          1,
          null,
          1,
          8,
          null,
          null,
          1,
          5,
          null,
          null,
          null
        ]
      },
      "/Users/eagleeye/turing/2module/projects/bbq_Competition/app/controllers/application_controller.rb": {
        "lines": [
          1,
          null
        ]
      },
      "/Users/eagleeye/turing/2module/projects/bbq_Competition/app/controllers/teams_controller.rb": {
        "lines": [
          1,
          null,
          1,
          9,
          null,
          null,
          1,
          5,
          null,
          null,
          null
        ]
      },
      "/Users/eagleeye/turing/2module/projects/bbq_Competition/app/controllers/team_submissions_controller.rb": {
        "lines": [
          1,
          1,
          5,
          5,
          null,
          null
        ]
      }
    },
    "timestamp": 1657414920
  }
}
